Arguments: 
  /root/.nvm/versions/node/v16.13.2/bin/node /mnt/c/Program Files (x86)/Yarn/bin/yarn.js install

PATH: 
  /root/.nvm/versions/node/v16.13.2/bin:/usr/local/sbin:/usr/local/bin:/usr/sbin:/usr/bin:/sbin:/bin:/usr/games:/usr/local/games:/usr/lib/wsl/lib:/mnt/c/Python39/Scripts/:/mnt/c/Python39/:/mnt/c/WINDOWS/system32:/mnt/c/WINDOWS:/mnt/c/WINDOWS/System32/Wbem:/mnt/c/WINDOWS/System32/WindowsPowerShell/v1.0/:/mnt/c/WINDOWS/System32/OpenSSH/:/mnt/c/ProgramData/chocolatey/bin:/mnt/c/Program Files/Git/cmd:/mnt/c/Program Files (x86)/Yarn/bin/:/mnt/c/Users/juare/AppData/Roaming/nvm:/mnt/c/Program Files/nodejs:/mnt/c/Program Files/MySQL/MySQL Shell 8.0/bin/:/mnt/c/Users/juare/AppData/Local/Microsoft/WindowsApps:/mnt/c/Users/juare/AppData/Roaming/npm:/mnt/c/Users/juare/AppData/Local/Programs/Microsoft VS Code/bin:/mnt/c/Users/juare/AppData/Local/Yarn/bin:/mnt/c/Users/juare/AppData/Roaming/nvm:/mnt/c/Program Files/nodejs:/snap/bin

Yarn version: 
  1.22.15

Node version: 
  16.13.2

Platform: 
  linux x64

Trace: 
  Error: ENOENT: no such file or directory, copyfile '/usr/local/share/.cache/yarn/v6/npm-ignore-4.0.6-750e3db5862087b4737ebac8207ffd1ef27b25fc-integrity/node_modules/ignore/CHANGELOG.md' -> '/home/api_vendas/node_modules/@eslint/eslintrc/node_modules/ignore/CHANGELOG.md'

npm manifest: 
  {
    "name": "api_vendas",
    "version": "1.0.0",
    "main": "index.js",
    "license": "MIT",
    "scripts": {
      "dev": "ts-node-dev -r tsconfig-paths/register --inspect --transpile-only --ignore-watch node_modules src/shared/http/server.ts",
      "lint": "eslint . --ext .ts",
      "lint-fix": "eslint . --ext .ts --fix",
      "typeorm": "ts-node-dev ./node_modules/typeorm/cli.js"
    },
    "devDependencies": {
      "@types/bcryptjs": "^2.4.2",
      "@types/cors": "^2.8.12",
      "@types/express": "^4.17.13",
      "@types/joi": "^17.2.3",
      "@types/jsonwebtoken": "^8.5.8",
      "@types/multer": "^1.4.7",
      "@types/node": "^17.0.16",
      "@types/nodemailer": "^6.4.4",
      "@typescript-eslint/eslint-plugin": "^5.11.0",
      "@typescript-eslint/parser": "^5.11.0",
      "eslint": "^8.8.0",
      "eslint-config-prettier": "6.15.0",
      "eslint-plugin-prettier": "3.2.0",
      "prettier": "^2.5.1",
      "ts-node-dev": "^1.1.8",
      "tsconfig-paths": "^3.12.0",
      "typescript": "^4.5.5"
    },
    "dependencies": {
      "bcryptjs": "^2.4.3",
      "celebrate": "^15.0.1",
      "cors": "^2.8.5",
      "date-fns": "^2.28.0",
      "express": "^4.17.3",
      "express-async-errors": "^3.1.1",
      "handlebars": "^4.7.7",
      "jsonwebtoken": "^8.5.1",
      "multer": "^1.4.4",
      "nodemailer": "^6.7.2",
      "pg": "^8.7.3",
      "reflect-metadata": "^0.1.13",
      "typeorm": "^0.2.41",
      "typeorm-pagination": "^2.0.3"
    }
  }

yarn manifest: 
  No manifest

Lockfile: 
  No lockfile
